#
# A fatal error has been detected by the Java Runtime Environment:
#
#  EXCEPTION_ACCESS_VIOLATION (0xc0000005) at pc=0x00007ffcf14be2b1, pid=3024, tid=2468
#
# JRE version: Java(TM) SE Runtime Environment (21.0.9+7) (build 21.0.9+7-LTS-338)
# Java VM: Java HotSpot(TM) 64-Bit Server VM (21.0.9+7-LTS-338, mixed mode, sharing, tiered, compressed oops, compressed class ptrs, g1 gc, windows-amd64)
# Problematic frame:
# V  [jvm.dll+0x13e2b1]
#
# No core dump will be written. Minidumps are not enabled by default on client versions of Windows
#
# If you would like to submit a bug report, please visit:
#   https://bugreport.java.com/bugreport/crash.jsp
#

---------------  S U M M A R Y ------------

Command Line: --enable-native-access=ALL-UNNAMED -Dclassworlds.conf=C:\Program Files\apache-maven-3.9.11\bin\m2.conf -Dmaven.home=C:\Program Files\apache-maven-3.9.11 -Dlibrary.jansi.path=C:\Program Files\apache-maven-3.9.11\lib\jansi-native -Dmaven.multiModuleProjectDirectory=C:\Users\User1\Downloads\dftp\Central-Event-Publisher-central org.codehaus.plexus.classworlds.launcher.Launcher clean install

Host: Intel(R) Core(TM) i7-10610U CPU @ 1.80GHz, 8 cores, 31G,  Windows 11 , 64 bit Build 22621 (10.0.22621.5262)
Time: Thu Nov 27 16:01:46 2025 India Standard Time elapsed time: 1.734928 seconds (0d 0h 0m 1s)

---------------  T H R E A D  ---------------

Current thread (0x000002646fcca160):  WorkerThread "GC Thread#3"    [id=2468, stack(0x000000b732500000,0x000000b732600000) (1024K)]

Stack: [0x000000b732500000,0x000000b732600000],  sp=0x000000b7325ff938,  free space=1022k
Native frames: (J=compiled Java code, j=interpreted, Vv=VM code, C=native code)
V  [jvm.dll+0x13e2b1]


siginfo: EXCEPTION_ACCESS_VIOLATION (0xc0000005), reading address 0x0000000000000100


Registers:
RAX=0x0000000000000000, RBX=0x0000000000000001, RCX=0x0000026400002a68, RDX=0x00000006230f9d00
RSP=0x000000b7325ff938, RBP=0x000000000000033c, RSI=0x000002644631e060, RDI=0x0000000000000001
R8 =0x0000026400002a68, R9 =0x0000000000000000, R10=0x00007ffd49be0000, R11=0x00007ffd49be15e3
R12=0x0000000000000003, R13=0x0000026400002a68, R14=0x00000006230f9d00, R15=0x000002646f556490
RIP=0x00007ffcf14be2b1, EFLAGS=0x0000000000010246


Register to memory mapping:

RAX=0x0 is null
RBX=0x0000000000000001 is an unknown value
RCX=0x0000026400002a68 is pointing into metadata
RDX=
[error occurred during error reporting (printing register info), id 0xc0000005, EXCEPTION_ACCESS_VIOLATION (0xc0000005) at pc=0x00007ffcf14be2b1]
RSP=0x000000b7325ff938 points into unknown readable memory: 0x00007ffcf16d6acb | cb 6a 6d f1 fc 7f 00 00
RBP=0x000000000000033c is an unknown value
RSI=0x000002644631e060 points into unknown readable memory: 0x0000000000000000 | 00 00 00 00 00 00 00 00
RDI=0x0000000000000001 is an unknown value
R8 =0x0000026400002a68 is pointing into metadata
R9 =0x0 is null
R10=0x00007ffd49be0000 VCRUNTIME140.dll
R11=0x00007ffd49be15e3 VCRUNTIME140.dll
R12=0x0000000000000003 is an unknown value
R13=0x0000026400002a68 is pointing into metadata
R14=
[error occurred during error reporting (printing register info, attempt 2), id 0xc0000005, EXCEPTION_ACCESS_VIOLATION (0xc0000005) at pc=0x00007ffcf14be2b1]
R15=0x000002646f556490 points into unknown readable memory: 0x00007ffcf1d5b7a8 | a8 b7 d5 f1 fc 7f 00 00

Top of Stack: (sp=0x000000b7325ff938)
0x000000b7325ff938:   00007ffcf16d6acb 0000000000000001
0x000000b7325ff948:   0000000000000001 0000000000000001
0x000000b7325ff958:   0000000000000000 0000000600000000
0x000000b7325ff968:   00007ffc00000000 0000000000000001
0x000000b7325ff978:   0000026469daf770 000002646f5564a8
0x000000b7325ff988:   000002645eab030b 000002646f556618
0x000000b7325ff998:   0000000000000000 0000000000000040
0x000000b7325ff9a8:   000002646f82cc30 0000000000000003
0x000000b7325ff9b8:   000002646f556490 000002644631e060
0x000000b7325ff9c8:   000000000000033c 00000006212cdb8c
0x000000b7325ff9d8:   00007ffcf16d7d63 0000000622910000
0x000000b7325ff9e8:   0000000000000001 0000026400000000
0x000000b7325ff9f8:   0000000000000018 00000006060a5a00
0x000000b7325ffa08:   0000000000000000 000000b7325ffc00
0x000000b7325ffa18:   00000006060a6018 000000b7325ffc00
0x000000b7325ffa28:   00007ffcf16d441e 00000006060a6000
0x000000b7325ffa38:   000002646f556490 000000060609c400
0x000000b7325ffa48:   0000000000000080 0000000001075d90
0x000000b7325ffa58:   00000000ec4b03fa 0000000000000003
0x000000b7325ffa68:   000000b7325ffc00 00000264463cd180
0x000000b7325ffa78:   00007ffcf16e10eb 0000000000000000
0x000000b7325ffa88:   00000264463cd180 000000b7325ffc00
0x000000b7325ffa98:   00007ffcf1a44c2f 00000006060a5a00
0x000000b7325ffaa8:   00000000000000c0 00007ffcf1d5c9d0
0x000000b7325ffab8:   0000000000000000 0000026444143550
0x000000b7325ffac8:   000002646f556490 000000b7325ffc50
0x000000b7325ffad8:   00007ffcf1a44c2f 000002646feb4480
0x000000b7325ffae8:   000002645eab0540 000002644413f210
0x000000b7325ffaf8:   00007ffcf16e2d59 0000000000000000
0x000000b7325ffb08:   00007ffcf1b8d3fe 0000000000000003
0x000000b7325ffb18:   000002645eab0530 0000000000000003
0x000000b7325ffb28:   0000000000000000 000002644420cd90 

Instructions: (pc=0x00007ffcf14be2b1)
0x00007ffcf14be1b1:   08 8b 0d d0 1d a8 00 49 d3 e0 4c 03 05 be 1d a8
0x00007ffcf14be1c1:   00 eb 04 4c 8b 41 08 45 8b 48 08 45 85 c9 7e 0e
0x00007ffcf14be1d1:   41 f6 c1 01 75 53 41 c1 f9 03 49 63 c1 c3 79 49
0x00007ffcf14be1e1:   84 c0 41 b8 0c 00 00 00 8b 05 e9 2e a8 00 b9 10
0x00007ffcf14be1f1:   00 00 00 41 0f 45 c8 ff c8 4c 63 c0 41 8b c1 48
0x00007ffcf14be201:   c1 f8 10 0f b6 c0 48 63 14 11 41 8b c9 83 e1 3f
0x00007ffcf14be211:   48 d3 e2 49 8d 0c 10 49 f7 d0 48 03 c1 49 c1 e8
0x00007ffcf14be221:   03 48 c1 e8 03 49 23 c0 c3 49 8b 00 49 8b c8 48
0x00007ffcf14be231:   ff a0 00 01 00 00 cc cc cc cc cc cc cc cc cc 4c
0x00007ffcf14be241:   8b c2 48 8b d1 45 8b 48 08 45 85 c9 7e 0e 41 f6
0x00007ffcf14be251:   c1 01 75 56 41 c1 f9 03 49 63 c1 c3 79 4c 80 3d
0x00007ffcf14be261:   54 33 a8 00 00 b8 0c 00 00 00 b9 10 00 00 00 0f
0x00007ffcf14be271:   45 c8 8b 05 5f 2e a8 00 ff c8 4c 63 c0 41 8b c1
0x00007ffcf14be281:   48 c1 f8 10 48 63 14 11 41 8b c9 83 e1 3f 0f b6
0x00007ffcf14be291:   c0 48 d3 e2 49 8d 0c 10 49 f7 d0 48 03 c1 49 c1
0x00007ffcf14be2a1:   e8 03 48 c1 e8 03 49 23 c0 c3 49 8b 00 49 8b c8
0x00007ffcf14be2b1:   48 ff a0 00 01 00 00 cc cc cc cc cc cc cc cc 48
0x00007ffcf14be2c1:   83 ec 28 ba 37 00 00 00 48 8d 0d 88 bb 85 00 e8
0x00007ffcf14be2d1:   db 07 14 00 cc cc cc cc cc cc cc cc cc cc cc 40
0x00007ffcf14be2e1:   53 48 83 ec 20 48 8b d9 49 8b c0 33 c9 45 0f b6
0x00007ffcf14be2f1:   c1 48 89 0b 48 89 4b 08 48 8b cb 48 89 53 10 48
0x00007ffcf14be301:   8b d0 e8 a8 09 00 00 48 8b c3 48 83 c4 20 5b c3
0x00007ffcf14be311:   cc cc cc cc cc cc cc cc cc cc cc cc cc cc cc 40
0x00007ffcf14be321:   53 48 83 ec 20 33 c0 44 88 41 10 45 0f b6 c1 48
0x00007ffcf14be331:   89 01 48 89 41 08 48 8b d9 e8 81 0a 00 00 48 8b
0x00007ffcf14be341:   c3 48 83 c4 20 5b c3 cc cc cc cc cc cc cc cc 40
0x00007ffcf14be351:   53 48 83 ec 20 33 c0 48 8b d9 48 89 01 48 89 41
0x00007ffcf14be361:   08 e8 09 0c 00 00 48 8b c3 48 83 c4 20 5b c3 48
0x00007ffcf14be371:   8b c1 48 8b 09 48 85 c9 74 3c 48 8b 40 08 48 83
0x00007ffcf14be381:   c0 3f 48 c1 e8 06 48 8d 14 c5 00 00 00 00 48 3b
0x00007ffcf14be391:   15 3a 39 a8 00 0f 82 54 17 f8 ff 48 8b 05 15 3a
0x00007ffcf14be3a1:   b0 00 48 ff ca 48 03 d0 48 ff c8 48 f7 d0 48 23 


Stack slot to memory mapping:

stack at sp + 0 slots: 0x00007ffcf16d6acb jvm.dll
stack at sp + 1 slots: 0x0000000000000001 is an unknown value
stack at sp + 2 slots: 0x0000000000000001 is an unknown value
stack at sp + 3 slots: 0x0000000000000001 is an unknown value
stack at sp + 4 slots: 0x0 is null
stack at sp + 5 slots: 0x0000000600000000 is an unknown value
stack at sp + 6 slots: 0x00007ffc00000000 is an unknown value
stack at sp + 7 slots: 0x0000000000000001 is an unknown value


---------------  P R O C E S S  ---------------

Threads class SMR info:
_java_thread_list=0x000002646fffc050, length=14, elements={
0x00000264463097d0, 0x0000026469f28d30, 0x0000026469f29c50, 0x0000026469f2dfd0,
0x0000026469f2eb60, 0x0000026469f30fd0, 0x0000026469f31b60, 0x0000026469f35790,
0x0000026469f369d0, 0x000002646a5f4cf0, 0x000002646a616500, 0x000002646f1f8080,
0x000002646f901cb0, 0x000002647001e6c0
}

Java Threads: ( => current thread )
  0x00000264463097d0 JavaThread "main"                              [_thread_blocked, id=18060, stack(0x000000b730f00000,0x000000b731000000) (1024K)]
  0x0000026469f28d30 JavaThread "Reference Handler"          daemon [_thread_blocked, id=8384, stack(0x000000b731700000,0x000000b731800000) (1024K)]
  0x0000026469f29c50 JavaThread "Finalizer"                  daemon [_thread_blocked, id=20428, stack(0x000000b731800000,0x000000b731900000) (1024K)]
  0x0000026469f2dfd0 JavaThread "Signal Dispatcher"          daemon [_thread_blocked, id=10072, stack(0x000000b731900000,0x000000b731a00000) (1024K)]
  0x0000026469f2eb60 JavaThread "Attach Listener"            daemon [_thread_blocked, id=9608, stack(0x000000b731a00000,0x000000b731b00000) (1024K)]
  0x0000026469f30fd0 JavaThread "Service Thread"             daemon [_thread_blocked, id=9624, stack(0x000000b731b00000,0x000000b731c00000) (1024K)]
  0x0000026469f31b60 JavaThread "Monitor Deflation Thread"   daemon [_thread_blocked, id=2092, stack(0x000000b731c00000,0x000000b731d00000) (1024K)]
  0x0000026469f35790 JavaThread "C2 CompilerThread0"         daemon [_thread_blocked, id=20144, stack(0x000000b731d00000,0x000000b731e00000) (1024K)]
  0x0000026469f369d0 JavaThread "C1 CompilerThread0"         daemon [_thread_blocked, id=18624, stack(0x000000b731e00000,0x000000b731f00000) (1024K)]
  0x000002646a5f4cf0 JavaThread "Notification Thread"        daemon [_thread_blocked, id=20344, stack(0x000000b731f00000,0x000000b732000000) (1024K)]
  0x000002646a616500 JavaThread "Common-Cleaner"             daemon [_thread_blocked, id=9156, stack(0x000000b732000000,0x000000b732100000) (1024K)]
  0x000002646f1f8080 JavaThread "C2 CompilerThread1"         daemon [_thread_blocked, id=16248, stack(0x000000b732100000,0x000000b732200000) (1024K)]
  0x000002646f901cb0 JavaThread "C2 CompilerThread2"         daemon [_thread_in_native, id=4780, stack(0x000000b732200000,0x000000b732300000) (1024K)]
  0x000002647001e6c0 JavaThread "Thread-1"                   daemon [_thread_blocked, id=15908, stack(0x000000b732a00000,0x000000b732b00000) (1024K)]
Total: 14

Other Threads:
  0x0000026469f0c780 VMThread "VM Thread"                           [id=15092, stack(0x000000b731600000,0x000000b731700000) (1024K)]
  0x0000026469ef8d60 WatcherThread "VM Periodic Task Thread"        [id=7104, stack(0x000000b731500000,0x000000b731600000) (1024K)]
  0x00000264463aaee0 WorkerThread "GC Thread#0"                     [id=3888, stack(0x000000b731000000,0x000000b731100000) (1024K)]
  0x000002646f7d26b0 WorkerThread "GC Thread#1"                     [id=13248, stack(0x000000b732300000,0x000000b732400000) (1024K)]
  0x000002646fcc9db0 WorkerThread "GC Thread#2"                     [id=11148, stack(0x000000b732400000,0x000000b732500000) (1024K)]
=>0x000002646fcca160 WorkerThread "GC Thread#3"                     [id=2468, stack(0x000000b732500000,0x000000b732600000) (1024K)]
  0x000002646feb4930 WorkerThread "GC Thread#4"                     [id=5272, stack(0x000000b732600000,0x000000b732700000) (1024K)]
  0x000002646fcca510 WorkerThread "GC Thread#5"                     [id=14416, stack(0x000000b732700000,0x000000b732800000) (1024K)]
  0x000002646f9a2010 WorkerThread "GC Thread#6"                     [id=8996, stack(0x000000b732800000,0x000000b732900000) (1024K)]
  0x000002646f9a23c0 WorkerThread "GC Thread#7"                     [id=12212, stack(0x000000b732900000,0x000000b732a00000) (1024K)]
  0x00000264463bbc50 ConcurrentGCThread "G1 Main Marker"            [id=10828, stack(0x000000b731100000,0x000000b731200000) (1024K)]
  0x00000264463bc760 WorkerThread "G1 Conc#0"                       [id=17208, stack(0x000000b731200000,0x000000b731300000) (1024K)]
  0x0000026469dca6c0 ConcurrentGCThread "G1 Refine#0"               [id=11464, stack(0x000000b731300000,0x000000b731400000) (1024K)]
  0x0000026469dcc250 ConcurrentGCThread "G1 Service"                [id=1188, stack(0x000000b731400000,0x000000b731500000) (1024K)]
Total: 14

Threads with active compile tasks:
C2 CompilerThread0     1751 3801       4       org.eclipse.sisu.inject.LocatedBeans$Itr::hasNext (169 bytes)
C2 CompilerThread1     1751 3828       4       java.util.Properties::get (9 bytes)
C2 CompilerThread2     1751 3732       4       org.codehaus.plexus.util.xml.pull.MXParser::parseAttribute (1438 bytes)
Total: 3

VM state: at safepoint (normal execution)

VM Mutex/Monitor currently owned by a thread:  ([mutex/lock_event])
[0x00007ffcf1fc0df0] Threads_lock - owner thread: 0x0000026469f0c780
[0x00007ffcf1fc0ef0] Heap_lock - owner thread: 0x00000264463097d0

Heap address: 0x0000000606000000, size: 8096 MB, Compressed Oops mode: Zero based, Oop shift amount: 3

CDS archive(s) mapped at: [0x0000026400000000-0x0000026400c90000-0x0000026400c90000), size 13172736, SharedBaseAddress: 0x0000026400000000, ArchiveRelocationMode: 1.
Compressed class space mapped at: 0x0000026401000000-0x0000026441000000, reserved size: 1073741824
Narrow klass base: 0x0000026400000000, Narrow klass shift: 0, Narrow klass range: 0x100000000

GC Precious Log:
 CardTable entry size: 512
 Card Set container configuration: InlinePtr #cards 4 size 8 Array Of Cards #cards 32 size 80 Howl #buckets 8 coarsen threshold 7372 Howl Bitmap #cards 1024 size 144 coarsen threshold 921 Card regions per heap region 1 cards per card region 8192
 CPUs: 8 total, 8 available
 Memory: 32368M
 Large Page Support: Disabled
 NUMA Support: Disabled
 Compressed Oops: Enabled (Zero based)
 Heap Region Size: 4M
 Heap Min Capacity: 8M
 Heap Initial Capacity: 508M
 Heap Max Capacity: 8096M
 Pre-touch: Disabled
 Parallel Workers: 8
 Concurrent Workers: 2
 Concurrent Refinement Workers: 8
 Periodic GC: Disabled

Heap:
 garbage-first heap   total 520192K, used 74689K [0x0000000606000000, 0x0000000800000000)
  region size 4096K, 20 young (81920K), 3 survivors (12288K)
 Metaspace       used 15804K, committed 16064K, reserved 1114112K
  class space    used 1835K, committed 1920K, reserved 1048576K

Heap Regions: E=young(eden), S=young(survivor), O=old, HS=humongous(starts), HC=humongous(continues), CS=collection set, F=free, TAMS=top-at-mark-start, PB=parsable bottom
|   0|0x0000000606000000, 0x0000000606394ed0, 0x0000000606400000| 89%| O|  |TAMS 0x0000000606000000| PB 0x0000000606000000| Untracked 
|   1|0x0000000606400000, 0x0000000606400000, 0x0000000606800000|  0%| F|  |TAMS 0x0000000606400000| PB 0x0000000606400000| Untracked 
|   2|0x0000000606800000, 0x0000000606800000, 0x0000000606c00000|  0%| F|  |TAMS 0x0000000606800000| PB 0x0000000606800000| Untracked 
|   3|0x0000000606c00000, 0x0000000606c00000, 0x0000000607000000|  0%| F|  |TAMS 0x0000000606c00000| PB 0x0000000606c00000| Untracked 
|   4|0x0000000607000000, 0x0000000607000000, 0x0000000607400000|  0%| F|  |TAMS 0x0000000607000000| PB 0x0000000607000000| Untracked 
|   5|0x0000000607400000, 0x0000000607400000, 0x0000000607800000|  0%| F|  |TAMS 0x0000000607400000| PB 0x0000000607400000| Untracked 
|   6|0x0000000607800000, 0x0000000607800000, 0x0000000607c00000|  0%| F|  |TAMS 0x0000000607800000| PB 0x0000000607800000| Untracked 
|   7|0x0000000607c00000, 0x0000000607c00000, 0x0000000608000000|  0%| F|  |TAMS 0x0000000607c00000| PB 0x0000000607c00000| Untracked 
|   8|0x0000000608000000, 0x0000000608000000, 0x0000000608400000|  0%| F|  |TAMS 0x0000000608000000| PB 0x0000000608000000| Untracked 
|   9|0x0000000608400000, 0x0000000608400000, 0x0000000608800000|  0%| F|  |TAMS 0x0000000608400000| PB 0x0000000608400000| Untracked 
|  10|0x0000000608800000, 0x0000000608800000, 0x0000000608c00000|  0%| F|  |TAMS 0x0000000608800000| PB 0x0000000608800000| Untracked 
|  11|0x0000000608c00000, 0x0000000608c00000, 0x0000000609000000|  0%| F|  |TAMS 0x0000000608c00000| PB 0x0000000608c00000| Untracked 
|  12|0x0000000609000000, 0x0000000609000000, 0x0000000609400000|  0%| F|  |TAMS 0x0000000609000000| PB 0x0000000609000000| Untracked 
|  13|0x0000000609400000, 0x0000000609400000, 0x0000000609800000|  0%| F|  |TAMS 0x0000000609400000| PB 0x0000000609400000| Untracked 
|  14|0x0000000609800000, 0x0000000609800000, 0x0000000609c00000|  0%| F|  |TAMS 0x0000000609800000| PB 0x0000000609800000| Untracked 
|  15|0x0000000609c00000, 0x0000000609c00000, 0x000000060a000000|  0%| F|  |TAMS 0x0000000609c00000| PB 0x0000000609c00000| Untracked 
|  16|0x000000060a000000, 0x000000060a000000, 0x000000060a400000|  0%| F|  |TAMS 0x000000060a000000| PB 0x000000060a000000| Untracked 
|  17|0x000000060a400000, 0x000000060a400000, 0x000000060a800000|  0%| F|  |TAMS 0x000000060a400000| PB 0x000000060a400000| Untracked 
|  18|0x000000060a800000, 0x000000060a800000, 0x000000060ac00000|  0%| F|  |TAMS 0x000000060a800000| PB 0x000000060a800000| Untracked 
|  19|0x000000060ac00000, 0x000000060ac00000, 0x000000060b000000|  0%| F|  |TAMS 0x000000060ac00000| PB 0x000000060ac00000| Untracked 
|  20|0x000000060b000000, 0x000000060b000000, 0x000000060b400000|  0%| F|  |TAMS 0x000000060b000000| PB 0x000000060b000000| Untracked 
|  21|0x000000060b400000, 0x000000060b400000, 0x000000060b800000|  0%| F|  |TAMS 0x000000060b400000| PB 0x000000060b400000| Untracked 
|  22|0x000000060b800000, 0x000000060b800000, 0x000000060bc00000|  0%| F|  |TAMS 0x000000060b800000| PB 0x000000060b800000| Untracked 
|  23|0x000000060bc00000, 0x000000060bc00000, 0x000000060c000000|  0%| F|  |TAMS 0x000000060bc00000| PB 0x000000060bc00000| Untracked 
|  24|0x000000060c000000, 0x000000060c000000, 0x000000060c400000|  0%| F|  |TAMS 0x000000060c000000| PB 0x000000060c000000| Untracked 
|  25|0x000000060c400000, 0x000000060c400000, 0x000000060c800000|  0%| F|  |TAMS 0x000000060c400000| PB 0x000000060c400000| Untracked 
|  26|0x000000060c800000, 0x000000060c800000, 0x000000060cc00000|  0%| F|  |TAMS 0x000000060c800000| PB 0x000000060c800000| Untracked 
|  27|0x000000060cc00000, 0x000000060cc00000, 0x000000060d000000|  0%| F|  |TAMS 0x000000060cc00000| PB 0x000000060cc00000| Untracked 
|  28|0x000000060d000000, 0x000000060d000000, 0x000000060d400000|  0%| F|  |TAMS 0x000000060d000000| PB 0x000000060d000000| Untracked 
|  29|0x000000060d400000, 0x000000060d400000, 0x000000060d800000|  0%| F|  |TAMS 0x000000060d400000| PB 0x000000060d400000| Untracked 
|  30|0x000000060d800000, 0x000000060d800000, 0x000000060dc00000|  0%| F|  |TAMS 0x000000060d800000| PB 0x000000060d800000| Untracked 
|  31|0x000000060dc00000, 0x000000060dc00000, 0x000000060e000000|  0%| F|  |TAMS 0x000000060dc00000| PB 0x000000060dc00000| Untracked 
|  32|0x000000060e000000, 0x000000060e000000, 0x000000060e400000|  0%| F|  |TAMS 0x000000060e000000| PB 0x000000060e000000| Untracked 
|  33|0x000000060e400000, 0x000000060e400000, 0x000000060e800000|  0%| F|  |TAMS 0x000000060e400000| PB 0x000000060e400000| Untracked 
|  34|0x000000060e800000, 0x000000060e800000, 0x000000060ec00000|  0%| F|  |TAMS 0x000000060e800000| PB 0x000000060e800000| Untracked 
|  35|0x000000060ec00000, 0x000000060ec00000, 0x000000060f000000|  0%| F|  |TAMS 0x000000060ec00000| PB 0x000000060ec00000| Untracked 
|  36|0x000000060f000000, 0x000000060f000000, 0x000000060f400000|  0%| F|  |TAMS 0x000000060f000000| PB 0x000000060f000000| Untracked 
|  37|0x000000060f400000, 0x000000060f400000, 0x000000060f800000|  0%| F|  |TAMS 0x000000060f400000| PB 0x000000060f400000| Untracked 
|  38|0x000000060f800000, 0x000000060f800000, 0x000000060fc00000|  0%| F|  |TAMS 0x000000060f800000| PB 0x000000060f800000| Untracked 
|  39|0x000000060fc00000, 0x000000060fc00000, 0x0000000610000000|  0%| F|  |TAMS 0x000000060fc00000| PB 0x000000060fc00000| Untracked 
|  40|0x0000000610000000, 0x0000000610000000, 0x0000000610400000|  0%| F|  |TAMS 0x0000000610000000| PB 0x0000000610000000| Untracked 
|  41|0x0000000610400000, 0x0000000610400000, 0x0000000610800000|  0%| F|  |TAMS 0x0000000610400000| PB 0x0000000610400000| Untracked 
|  42|0x0000000610800000, 0x0000000610800000, 0x0000000610c00000|  0%| F|  |TAMS 0x0000000610800000| PB 0x0000000610800000| Untracked 
|  43|0x0000000610c00000, 0x0000000610c00000, 0x0000000611000000|  0%| F|  |TAMS 0x0000000610c00000| PB 0x0000000610c00000| Untracked 
|  44|0x0000000611000000, 0x0000000611000000, 0x0000000611400000|  0%| F|  |TAMS 0x0000000611000000| PB 0x0000000611000000| Untracked 
|  45|0x0000000611400000, 0x0000000611400000, 0x0000000611800000|  0%| F|  |TAMS 0x0000000611400000| PB 0x0000000611400000| Untracked 
|  46|0x0000000611800000, 0x0000000611800000, 0x0000000611c00000|  0%| F|  |TAMS 0x0000000611800000| PB 0x0000000611800000| Untracked 
|  47|0x0000000611c00000, 0x0000000611c00000, 0x0000000612000000|  0%| F|  |TAMS 0x0000000611c00000| PB 0x0000000611c00000| Untracked 
|  48|0x0000000612000000, 0x0000000612000000, 0x0000000612400000|  0%| F|  |TAMS 0x0000000612000000| PB 0x0000000612000000| Untracked 
|  49|0x0000000612400000, 0x0000000612400000, 0x0000000612800000|  0%| F|  |TAMS 0x0000000612400000| PB 0x0000000612400000| Untracked 
|  50|0x0000000612800000, 0x0000000612800000, 0x0000000612c00000|  0%| F|  |TAMS 0x0000000612800000| PB 0x0000000612800000| Untracked 
|  51|0x0000000612c00000, 0x0000000612c00000, 0x0000000613000000|  0%| F|  |TAMS 0x0000000612c00000| PB 0x0000000612c00000| Untracked 
|  52|0x0000000613000000, 0x0000000613000000, 0x0000000613400000|  0%| F|  |TAMS 0x0000000613000000| PB 0x0000000613000000| Untracked 
|  53|0x0000000613400000, 0x0000000613400000, 0x0000000613800000|  0%| F|  |TAMS 0x0000000613400000| PB 0x0000000613400000| Untracked 
|  54|0x0000000613800000, 0x0000000613800000, 0x0000000613c00000|  0%| F|  |TAMS 0x0000000613800000| PB 0x0000000613800000| Untracked 
|  55|0x0000000613c00000, 0x0000000613c00000, 0x0000000614000000|  0%| F|  |TAMS 0x0000000613c00000| PB 0x0000000613c00000| Untracked 
|  56|0x0000000614000000, 0x0000000614000000, 0x0000000614400000|  0%| F|  |TAMS 0x0000000614000000| PB 0x0000000614000000| Untracked 
|  57|0x0000000614400000, 0x0000000614400000, 0x0000000614800000|  0%| F|  |TAMS 0x0000000614400000| PB 0x0000000614400000| Untracked 
|  58|0x0000000614800000, 0x0000000614800000, 0x0000000614c00000|  0%| F|  |TAMS 0x0000000614800000| PB 0x0000000614800000| Untracked 
|  59|0x0000000614c00000, 0x0000000614c00000, 0x0000000615000000|  0%| F|  |TAMS 0x0000000614c00000| PB 0x0000000614c00000| Untracked 
|  60|0x0000000615000000, 0x0000000615000000, 0x0000000615400000|  0%| F|  |TAMS 0x0000000615000000| PB 0x0000000615000000| Untracked 
|  61|0x0000000615400000, 0x0000000615400000, 0x0000000615800000|  0%| F|  |TAMS 0x0000000615400000| PB 0x0000000615400000| Untracked 
|  62|0x0000000615800000, 0x0000000615800000, 0x0000000615c00000|  0%| F|  |TAMS 0x0000000615800000| PB 0x0000000615800000| Untracked 
|  63|0x0000000615c00000, 0x0000000615c00000, 0x0000000616000000|  0%| F|  |TAMS 0x0000000615c00000| PB 0x0000000615c00000| Untracked 
|  64|0x0000000616000000, 0x0000000616000000, 0x0000000616400000|  0%| F|  |TAMS 0x0000000616000000| PB 0x0000000616000000| Untracked 
|  65|0x0000000616400000, 0x0000000616400000, 0x0000000616800000|  0%| F|  |TAMS 0x0000000616400000| PB 0x0000000616400000| Untracked 
|  66|0x0000000616800000, 0x0000000616800000, 0x0000000616c00000|  0%| F|  |TAMS 0x0000000616800000| PB 0x0000000616800000| Untracked 
|  67|0x0000000616c00000, 0x0000000616c00000, 0x0000000617000000|  0%| F|  |TAMS 0x0000000616c00000| PB 0x0000000616c00000| Untracked 
|  68|0x0000000617000000, 0x0000000617000000, 0x0000000617400000|  0%| F|  |TAMS 0x0000000617000000| PB 0x0000000617000000| Untracked 
|  69|0x0000000617400000, 0x0000000617400000, 0x0000000617800000|  0%| F|  |TAMS 0x0000000617400000| PB 0x0000000617400000| Untracked 
|  70|0x0000000617800000, 0x0000000617800000, 0x0000000617c00000|  0%| F|  |TAMS 0x0000000617800000| PB 0x0000000617800000| Untracked 
|  71|0x0000000617c00000, 0x0000000617c00000, 0x0000000618000000|  0%| F|  |TAMS 0x0000000617c00000| PB 0x0000000617c00000| Untracked 
|  72|0x0000000618000000, 0x0000000618000000, 0x0000000618400000|  0%| F|  |TAMS 0x0000000618000000| PB 0x0000000618000000| Untracked 
|  73|0x0000000618400000, 0x0000000618400000, 0x0000000618800000|  0%| F|  |TAMS 0x0000000618400000| PB 0x0000000618400000| Untracked 
|  74|0x0000000618800000, 0x0000000618800000, 0x0000000618c00000|  0%| F|  |TAMS 0x0000000618800000| PB 0x0000000618800000| Untracked 
|  75|0x0000000618c00000, 0x0000000618c00000, 0x0000000619000000|  0%| F|  |TAMS 0x0000000618c00000| PB 0x0000000618c00000| Untracked 
|  76|0x0000000619000000, 0x0000000619000000, 0x0000000619400000|  0%| F|  |TAMS 0x0000000619000000| PB 0x0000000619000000| Untracked 
|  77|0x0000000619400000, 0x0000000619400000, 0x0000000619800000|  0%| F|  |TAMS 0x0000000619400000| PB 0x0000000619400000| Untracked 
|  78|0x0000000619800000, 0x0000000619800000, 0x0000000619c00000|  0%| F|  |TAMS 0x0000000619800000| PB 0x0000000619800000| Untracked 
|  79|0x0000000619c00000, 0x0000000619c00000, 0x000000061a000000|  0%| F|  |TAMS 0x0000000619c00000| PB 0x0000000619c00000| Untracked 
|  80|0x000000061a000000, 0x000000061a000000, 0x000000061a400000|  0%| F|  |TAMS 0x000000061a000000| PB 0x000000061a000000| Untracked 
|  81|0x000000061a400000, 0x000000061a400000, 0x000000061a800000|  0%| F|  |TAMS 0x000000061a400000| PB 0x000000061a400000| Untracked 
|  82|0x000000061a800000, 0x000000061a800000, 0x000000061ac00000|  0%| F|  |TAMS 0x000000061a800000| PB 0x000000061a800000| Untracked 
|  83|0x000000061ac00000, 0x000000061ac00000, 0x000000061b000000|  0%| F|  |TAMS 0x000000061ac00000| PB 0x000000061ac00000| Untracked 
|  84|0x000000061b000000, 0x000000061b000000, 0x000000061b400000|  0%| F|  |TAMS 0x000000061b000000| PB 0x000000061b000000| Untracked 
|  85|0x000000061b400000, 0x000000061b400000, 0x000000061b800000|  0%| F|  |TAMS 0x000000061b400000| PB 0x000000061b400000| Untracked 
|  86|0x000000061b800000, 0x000000061b800000, 0x000000061bc00000|  0%| F|  |TAMS 0x000000061b800000| PB 0x000000061b800000| Untracked 
|  87|0x000000061bc00000, 0x000000061bc00000, 0x000000061c000000|  0%| F|  |TAMS 0x000000061bc00000| PB 0x000000061bc00000| Untracked 
|  88|0x000000061c000000, 0x000000061c000000, 0x000000061c400000|  0%| F|  |TAMS 0x000000061c000000| PB 0x000000061c000000| Untracked 
|  89|0x000000061c400000, 0x000000061c400000, 0x000000061c800000|  0%| F|  |TAMS 0x000000061c400000| PB 0x000000061c400000| Untracked 
|  90|0x000000061c800000, 0x000000061c800000, 0x000000061cc00000|  0%| F|  |TAMS 0x000000061c800000| PB 0x000000061c800000| Untracked 
|  91|0x000000061cc00000, 0x000000061cc00000, 0x000000061d000000|  0%| F|  |TAMS 0x000000061cc00000| PB 0x000000061cc00000| Untracked 
|  92|0x000000061d000000, 0x000000061d000000, 0x000000061d400000|  0%| F|  |TAMS 0x000000061d000000| PB 0x000000061d000000| Untracked 
|  93|0x000000061d400000, 0x000000061d400000, 0x000000061d800000|  0%| F|  |TAMS 0x000000061d400000| PB 0x000000061d400000| Untracked 
|  94|0x000000061d800000, 0x000000061d800000, 0x000000061dc00000|  0%| F|  |TAMS 0x000000061d800000| PB 0x000000061d800000| Untracked 
|  95|0x000000061dc00000, 0x000000061dc00000, 0x000000061e000000|  0%| F|  |TAMS 0x000000061dc00000| PB 0x000000061dc00000| Untracked 
|  96|0x000000061e000000, 0x000000061e000000, 0x000000061e400000|  0%| F|  |TAMS 0x000000061e000000| PB 0x000000061e000000| Untracked 
|  97|0x000000061e400000, 0x000000061e400000, 0x000000061e800000|  0%| F|  |TAMS 0x000000061e400000| PB 0x000000061e400000| Untracked 
|  98|0x000000061e800000, 0x000000061e800000, 0x000000061ec00000|  0%| F|  |TAMS 0x000000061e800000| PB 0x000000061e800000| Untracked 
|  99|0x000000061ec00000, 0x000000061ec00000, 0x000000061f000000|  0%| F|  |TAMS 0x000000061ec00000| PB 0x000000061ec00000| Untracked 
| 100|0x000000061f000000, 0x000000061f000000, 0x000000061f400000|  0%| F|  |TAMS 0x000000061f000000| PB 0x000000061f000000| Untracked 
| 101|0x000000061f400000, 0x000000061f400000, 0x000000061f800000|  0%| F|  |TAMS 0x000000061f400000| PB 0x000000061f400000| Untracked 
| 102|0x000000061f800000, 0x000000061f800000, 0x000000061fc00000|  0%| F|  |TAMS 0x000000061f800000| PB 0x000000061f800000| Untracked 
| 103|0x000000061fc00000, 0x000000061fc00000, 0x0000000620000000|  0%| F|  |TAMS 0x000000061fc00000| PB 0x000000061fc00000| Untracked 
| 104|0x0000000620000000, 0x0000000620000000, 0x0000000620400000|  0%| F|  |TAMS 0x0000000620000000| PB 0x0000000620000000| Untracked 
| 105|0x0000000620400000, 0x0000000620400000, 0x0000000620800000|  0%| F|  |TAMS 0x0000000620400000| PB 0x0000000620400000| Untracked 
| 106|0x0000000620800000, 0x00000006209de900, 0x0000000620c00000| 46%| S|  |TAMS 0x0000000620800000| PB 0x0000000620800000| Complete 
| 107|0x0000000620c00000, 0x0000000621000000, 0x0000000621000000|100%| S|  |TAMS 0x0000000620c00000| PB 0x0000000620c00000| Complete 
| 108|0x0000000621000000, 0x0000000621400000, 0x0000000621400000|100%| S|  |TAMS 0x0000000621000000| PB 0x0000000621000000| Complete 
| 109|0x0000000621400000, 0x0000000621800000, 0x0000000621800000|100%| E|CS|TAMS 0x0000000621400000| PB 0x0000000621400000| Complete 
| 110|0x0000000621800000, 0x0000000621c00000, 0x0000000621c00000|100%| E|CS|TAMS 0x0000000621800000| PB 0x0000000621800000| Complete 
| 111|0x0000000621c00000, 0x0000000622000000, 0x0000000622000000|100%| E|CS|TAMS 0x0000000621c00000| PB 0x0000000621c00000| Complete 
| 112|0x0000000622000000, 0x0000000622400000, 0x0000000622400000|100%| E|CS|TAMS 0x0000000622000000| PB 0x0000000622000000| Complete 
| 113|0x0000000622400000, 0x0000000622800000, 0x0000000622800000|100%| E|CS|TAMS 0x0000000622400000| PB 0x0000000622400000| Complete 
| 114|0x0000000622800000, 0x0000000622c00000, 0x0000000622c00000|100%| E|CS|TAMS 0x0000000622800000| PB 0x0000000622800000| Complete 
| 115|0x0000000622c00000, 0x0000000623000000, 0x0000000623000000|100%| E|CS|TAMS 0x0000000622c00000| PB 0x0000000622c00000| Complete 
| 116|0x0000000623000000, 0x0000000623400000, 0x0000000623400000|100%| E|CS|TAMS 0x0000000623000000| PB 0x0000000623000000| Complete 
| 117|0x0000000623400000, 0x0000000623800000, 0x0000000623800000|100%| E|CS|TAMS 0x0000000623400000| PB 0x0000000623400000| Complete 
| 118|0x0000000623800000, 0x0000000623c00000, 0x0000000623c00000|100%| E|CS|TAMS 0x0000000623800000| PB 0x0000000623800000| Complete 
| 119|0x0000000623c00000, 0x0000000623d5b730, 0x0000000624000000| 33%| E|CS|TAMS 0x0000000623c00000| PB 0x0000000623c00000| Complete 
| 120|0x0000000624000000, 0x0000000624400000, 0x0000000624400000|100%| E|CS|TAMS 0x0000000624000000| PB 0x0000000624000000| Complete 
| 121|0x0000000624400000, 0x0000000624800000, 0x0000000624800000|100%| E|CS|TAMS 0x0000000624400000| PB 0x0000000624400000| Complete 
| 122|0x0000000624800000, 0x0000000624c00000, 0x0000000624c00000|100%| E|CS|TAMS 0x0000000624800000| PB 0x0000000624800000| Complete 
| 123|0x0000000624c00000, 0x0000000625000000, 0x0000000625000000|100%| E|CS|TAMS 0x0000000624c00000| PB 0x0000000624c00000| Complete 
| 124|0x0000000625000000, 0x0000000625400000, 0x0000000625400000|100%| E|CS|TAMS 0x0000000625000000| PB 0x0000000625000000| Complete 
| 125|0x0000000625400000, 0x0000000625800000, 0x0000000625800000|100%| E|CS|TAMS 0x0000000625400000| PB 0x0000000625400000| Complete 
| 126|0x0000000625800000, 0x0000000625c00000, 0x0000000625c00000|100%| E|CS|TAMS 0x0000000625800000| PB 0x0000000625800000| Complete 

Card table byte_map: [0x000002645eab0000,0x000002645fa80000] _byte_map_base: 0x000002645ba80000

Marking Bits: (CMBitMap*) 0x00000264463ab5f0
 Bits: [0x000002645fa80000, 0x0000026467900000)

Polling page: 0x0000026444280000

Metaspace:

Usage:
  Non-class:     13.64 MB used.
      Class:      1.79 MB used.
       Both:     15.43 MB used.

Virtual space:
  Non-class space:       64.00 MB reserved,      13.81 MB ( 22%) committed,  1 nodes.
      Class space:        1.00 GB reserved,       1.88 MB ( <1%) committed,  1 nodes.
             Both:        1.06 GB reserved,      15.69 MB (  1%) committed. 

Chunk freelists:
   Non-Class:  1.86 MB
       Class:  13.94 MB
        Both:  15.80 MB

MaxMetaspaceSize: unlimited
CompressedClassSpaceSize: 1.00 GB
Initial GC threshold: 21.00 MB
Current GC threshold: 21.00 MB
CDS: on
 - commit_granule_bytes: 65536.
 - commit_granule_words: 8192.
 - virtual_space_node_default_size: 8388608.
 - enlarge_chunks_in_place: 1.
 - use_allocation_guard: 0.


Internal statistics:

num_allocs_failed_limit: 0.
num_arena_births: 170.
num_arena_deaths: 0.
num_vsnodes_births: 2.
num_vsnodes_deaths: 0.
num_space_committed: 251.
num_space_uncommitted: 0.
num_chunks_returned_to_freelist: 0.
num_chunks_taken_from_freelist: 678.
num_chunk_merges: 0.
num_chunk_splits: 485.
num_chunks_enlarged: 401.
num_inconsistent_stats: 0.

CodeHeap 'non-profiled nmethods': size=120000Kb used=1759Kb max_used=1759Kb free=118240Kb
 bounds [0x0000026456280000, 0x00000264564f0000, 0x000002645d7b0000]
CodeHeap 'profiled nmethods': size=120000Kb used=7769Kb max_used=7769Kb free=112230Kb
 bounds [0x000002644e7b0000, 0x000002644ef50000, 0x0000026455ce0000]
CodeHeap 'non-nmethods': size=5760Kb used=1396Kb max_used=1441Kb free=4363Kb
 bounds [0x0000026455ce0000, 0x0000026455f50000, 0x0000026456280000]
 total_blobs=4319 nmethods=3827 adapters=396
 compilation: enabled
              stopped_count=0, restarted_count=0
 full_count=0

Compilation events (20 events):
Event: 1.721 Thread 0x000002646f1f8080 nmethod 3820 0x0000026456437090 code [0x0000026456437220, 0x00000264564372d0]
Event: 1.721 Thread 0x0000026469f369d0 3821       3       org.apache.maven.model.validation.DefaultModelValidator::validateStringNotEmpty (17 bytes)
Event: 1.721 Thread 0x0000026469f369d0 nmethod 3821 0x000002644ef44c10 code [0x000002644ef44dc0, 0x000002644ef44f40]
Event: 1.722 Thread 0x0000026469f369d0 3822       3       org.apache.maven.model.ModelBase::<init> (5 bytes)
Event: 1.722 Thread 0x0000026469f369d0 nmethod 3822 0x000002644ef45010 code [0x000002644ef451c0, 0x000002644ef45328]
Event: 1.723 Thread 0x0000026469f369d0 3823       3       org.apache.maven.model.building.ModelData::getVersion (17 bytes)
Event: 1.723 Thread 0x0000026469f369d0 nmethod 3823 0x000002644ef45410 code [0x000002644ef455c0, 0x000002644ef45750]
Event: 1.723 Thread 0x0000026469f369d0 3824       1       org.apache.maven.model.ModelBase::setReporting (6 bytes)
Event: 1.724 Thread 0x0000026469f369d0 nmethod 3824 0x0000026456437390 code [0x0000026456437520, 0x0000026456437638]
Event: 1.724 Thread 0x0000026469f369d0 3825       1       org.apache.maven.model.ReportPlugin::setArtifactId (6 bytes)
Event: 1.724 Thread 0x0000026469f369d0 nmethod 3825 0x0000026456437690 code [0x0000026456437820, 0x0000026456437938]
Event: 1.724 Thread 0x0000026469f369d0 3826       1       org.apache.maven.model.ReportPlugin::getGroupId (5 bytes)
Event: 1.724 Thread 0x0000026469f369d0 nmethod 3826 0x0000026456437990 code [0x0000026456437b20, 0x0000026456437bf0]
Event: 1.724 Thread 0x0000026469f369d0 3827       1       org.apache.maven.model.ReportPlugin::getArtifactId (5 bytes)
Event: 1.724 Thread 0x0000026469f369d0 nmethod 3827 0x0000026456437c90 code [0x0000026456437e20, 0x0000026456437ef0]
Event: 1.724 Thread 0x000002646f1f8080 3828       4       java.util.Properties::get (9 bytes)
Event: 1.724 Thread 0x0000026469f369d0 3829       3       org.apache.maven.repository.internal.ArtifactDescriptorUtils::toRepositoryPolicy (52 bytes)
Event: 1.724 Thread 0x0000026469f369d0 nmethod 3829 0x000002644ef45810 code [0x000002644ef45a00, 0x000002644ef45e90]
Event: 1.724 Thread 0x0000026469f369d0 3830       3       sun.nio.fs.WindowsPathParser$Result::<init> (20 bytes)
Event: 1.724 Thread 0x0000026469f369d0 nmethod 3830 0x000002644ef46010 code [0x000002644ef461c0, 0x000002644ef46458]

GC Heap History (5 events):
Event: 0.470 GC heap before
{Heap before GC invocations=0 (full 0):
 garbage-first heap   total 520192K, used 24576K [0x0000000606000000, 0x0000000800000000)
  region size 4096K, 6 young (24576K), 0 survivors (0K)
 Metaspace       used 5626K, committed 5824K, reserved 1114112K
  class space    used 654K, committed 768K, reserved 1048576K
}
Event: 0.473 GC heap after
{Heap after GC invocations=1 (full 0):
 garbage-first heap   total 520192K, used 3895K [0x0000000606000000, 0x0000000800000000)
  region size 4096K, 1 young (4096K), 1 survivors (4096K)
 Metaspace       used 5626K, committed 5824K, reserved 1114112K
  class space    used 654K, committed 768K, reserved 1048576K
}
Event: 0.763 GC heap before
{Heap before GC invocations=1 (full 0):
 garbage-first heap   total 520192K, used 28471K [0x0000000606000000, 0x0000000800000000)
  region size 4096K, 7 young (28672K), 1 survivors (4096K)
 Metaspace       used 8540K, committed 8704K, reserved 1114112K
  class space    used 999K, committed 1088K, reserved 1048576K
}
Event: 0.766 GC heap after
{Heap after GC invocations=2 (full 0):
 garbage-first heap   total 520192K, used 5057K [0x0000000606000000, 0x0000000800000000)
  region size 4096K, 1 young (4096K), 1 survivors (4096K)
 Metaspace       used 8540K, committed 8704K, reserved 1114112K
  class space    used 999K, committed 1088K, reserved 1048576K
}
Event: 1.726 GC heap before
{Heap before GC invocations=2 (full 0):
 garbage-first heap   total 520192K, used 74689K [0x0000000606000000, 0x0000000800000000)
  region size 4096K, 18 young (73728K), 1 survivors (4096K)
 Metaspace       used 15804K, committed 16064K, reserved 1114112K
  class space    used 1835K, committed 1920K, reserved 1048576K
}

Dll operation events (8 events):
Event: 0.005 Loaded shared library C:\Program Files\Java\jdk-21\bin\java.dll
Event: 0.029 Loaded shared library C:\Program Files\Java\jdk-21\bin\jsvml.dll
Event: 0.040 Loaded shared library C:\Program Files\Java\jdk-21\bin\net.dll
Event: 0.042 Loaded shared library C:\Program Files\Java\jdk-21\bin\nio.dll
Event: 0.044 Loaded shared library C:\Program Files\Java\jdk-21\bin\zip.dll
Event: 0.134 Loaded shared library C:\Program Files\Java\jdk-21\bin\jimage.dll
Event: 0.134 Loaded shared library C:\Program Files\apache-maven-3.9.11\lib\jansi-native\Windows\x86_64\jansi.dll
Event: 0.147 Loaded shared library C:\Program Files\Java\jdk-21\bin\verify.dll

Deoptimization events (20 events):
Event: 1.656 Thread 0x00000264463097d0 Uncommon trap: trap_request=0xffffffbe fr.pc=0x0000026456426078 relative=0x0000000000000cd8
Event: 1.656 Thread 0x00000264463097d0 Uncommon trap: reason=profile_predicate action=maybe_recompile pc=0x0000026456426078 method=java.util.regex.Pattern$CharPropertyGreedy.match(Ljava/util/regex/Matcher;ILjava/lang/CharSequence;)Z @ 15 c2
Event: 1.656 Thread 0x00000264463097d0 DEOPT PACKING pc=0x0000026456426078 sp=0x000000b730ffd160
Event: 1.656 Thread 0x00000264463097d0 DEOPT UNPACKING pc=0x0000026455d346a2 sp=0x000000b730ffd0f0 mode 2
Event: 1.656 Thread 0x00000264463097d0 Uncommon trap: trap_request=0xffffffbe fr.pc=0x0000026456426078 relative=0x0000000000000cd8
Event: 1.656 Thread 0x00000264463097d0 Uncommon trap: reason=profile_predicate action=maybe_recompile pc=0x0000026456426078 method=java.util.regex.Pattern$CharPropertyGreedy.match(Ljava/util/regex/Matcher;ILjava/lang/CharSequence;)Z @ 15 c2
Event: 1.656 Thread 0x00000264463097d0 DEOPT PACKING pc=0x0000026456426078 sp=0x000000b730ffd010
Event: 1.656 Thread 0x00000264463097d0 DEOPT UNPACKING pc=0x0000026455d346a2 sp=0x000000b730ffcfa0 mode 2
Event: 1.673 Thread 0x00000264463097d0 Uncommon trap: trap_request=0xffffffbe fr.pc=0x000002645642c9e8 relative=0x0000000000000cc8
Event: 1.673 Thread 0x00000264463097d0 Uncommon trap: reason=profile_predicate action=maybe_recompile pc=0x000002645642c9e8 method=java.util.regex.Pattern$CharPropertyGreedy.match(Ljava/util/regex/Matcher;ILjava/lang/CharSequence;)Z @ 103 c2
Event: 1.673 Thread 0x00000264463097d0 DEOPT PACKING pc=0x000002645642c9e8 sp=0x000000b730ffc6a0
Event: 1.673 Thread 0x00000264463097d0 DEOPT UNPACKING pc=0x0000026455d346a2 sp=0x000000b730ffc630 mode 2
Event: 1.675 Thread 0x00000264463097d0 Uncommon trap: trap_request=0xffffffbe fr.pc=0x000002645642c9e8 relative=0x0000000000000cc8
Event: 1.675 Thread 0x00000264463097d0 Uncommon trap: reason=profile_predicate action=maybe_recompile pc=0x000002645642c9e8 method=java.util.regex.Pattern$CharPropertyGreedy.match(Ljava/util/regex/Matcher;ILjava/lang/CharSequence;)Z @ 103 c2
Event: 1.675 Thread 0x00000264463097d0 DEOPT PACKING pc=0x000002645642c9e8 sp=0x000000b730ffc740
Event: 1.675 Thread 0x00000264463097d0 DEOPT UNPACKING pc=0x0000026455d346a2 sp=0x000000b730ffc6d0 mode 2
Event: 1.719 Thread 0x00000264463097d0 Uncommon trap: trap_request=0xffffff45 fr.pc=0x0000026456417898 relative=0x00000000000000d8
Event: 1.719 Thread 0x00000264463097d0 Uncommon trap: reason=unstable_if action=reinterpret pc=0x0000026456417898 method=org.apache.maven.model.io.xpp3.MavenXpp3Reader.nextTag(Lorg/codehaus/plexus/util/xml/pull/XmlPullParser;)I @ 9 c2
Event: 1.719 Thread 0x00000264463097d0 DEOPT PACKING pc=0x0000026456417898 sp=0x000000b730ffc6e0
Event: 1.719 Thread 0x00000264463097d0 DEOPT UNPACKING pc=0x0000026455d346a2 sp=0x000000b730ffc670 mode 2

Classes loaded (20 events):
Event: 1.224 Loading class sun/nio/ch/Interruptible done
Event: 1.224 Loading class java/nio/channels/spi/AbstractInterruptibleChannel$1 done
Event: 1.225 Loading class java/util/AbstractMap$2
Event: 1.225 Loading class java/util/AbstractMap$2 done
Event: 1.225 Loading class java/util/AbstractMap$2$1
Event: 1.225 Loading class java/util/AbstractMap$2$1 done
Event: 1.270 Loading class java/util/StringTokenizer
Event: 1.270 Loading class java/util/StringTokenizer done
Event: 1.320 Loading class java/util/stream/Streams$RangeIntSpliterator
Event: 1.320 Loading class java/util/stream/Streams$RangeIntSpliterator done
Event: 1.537 Loading class java/util/stream/MatchOps$MatchKind
Event: 1.537 Loading class java/util/stream/MatchOps$MatchKind done
Event: 1.537 Loading class java/util/stream/MatchOps
Event: 1.537 Loading class java/util/stream/MatchOps done
Event: 1.537 Loading class java/util/stream/MatchOps$MatchOp
Event: 1.537 Loading class java/util/stream/MatchOps$MatchOp done
Event: 1.537 Loading class java/util/stream/MatchOps$BooleanTerminalSink
Event: 1.538 Loading class java/util/stream/MatchOps$BooleanTerminalSink done
Event: 1.538 Loading class java/util/stream/MatchOps$1MatchSink
Event: 1.538 Loading class java/util/stream/MatchOps$1MatchSink done

Classes unloaded (0 events):
No events

Classes redefined (0 events):
No events

Internal exceptions (20 events):
Event: 0.893 Thread 0x00000264463097d0 Exception <a 'java/lang/ExceptionInInitializerError'{0x000000062523dc68}> (0x000000062523dc68) 
thrown [s\open\src\hotspot\share\oops\instanceKlass.cpp, line 1192]
Event: 0.901 Thread 0x00000264463097d0 Exception <a 'java/lang/NoSuchMethodError'{0x00000006252a7400}: 'long java.lang.invoke.DirectMethodHandle$Holder.invokeStatic(java.lang.Object, java.lang.Object, int)'> (0x00000006252a7400) 
thrown [s\open\src\hotspot\share\interpreter\linkResolver.cpp, line 773]
Event: 0.902 Thread 0x00000264463097d0 Exception <a 'java/lang/NoSuchMethodError'{0x00000006252ba4d8}: 'java.lang.Object java.lang.invoke.DirectMethodHandle$Holder.invokeStatic(java.lang.Object, java.lang.Object, java.lang.Object, java.lang.Object, int)'> (0x00000006252ba4d8) 
thrown [s\open\src\hotspot\share\interpreter\linkResolver.cpp, line 773]
Event: 0.903 Thread 0x00000264463097d0 Exception <a 'java/lang/NoSuchMethodError'{0x00000006252c2410}: 'java.lang.Object java.lang.invoke.DirectMethodHandle$Holder.invokeSpecial(java.lang.Object, java.lang.Object, java.lang.Object, java.lang.Object, long)'> (0x00000006252c2410) 
thrown [s\open\src\hotspot\share\interpreter\linkResolver.cpp, line 773]
Event: 0.904 Thread 0x00000264463097d0 Exception <a 'java/lang/NoSuchMethodError'{0x00000006252ce180}: 'java.lang.Object java.lang.invoke.DirectMethodHandle$Holder.invokeSpecial(java.lang.Object, java.lang.Object, java.lang.Object, int, java.lang.Object)'> (0x00000006252ce180) 
thrown [s\open\src\hotspot\share\interpreter\linkResolver.cpp, line 773]
Event: 0.905 Thread 0x00000264463097d0 Exception <a 'java/lang/NoSuchMethodError'{0x00000006252d62c0}: 'int java.lang.invoke.DirectMethodHandle$Holder.invokeSpecial(java.lang.Object, java.lang.Object, java.lang.Object, int)'> (0x00000006252d62c0) 
thrown [s\open\src\hotspot\share\interpreter\linkResolver.cpp, line 773]
Event: 0.907 Thread 0x00000264463097d0 Implicit null exception at 0x0000026456312260 to 0x0000026456312464
Event: 0.908 Thread 0x00000264463097d0 Exception <a 'java/lang/NoSuchMethodError'{0x00000006252fa928}: 'java.lang.Object java.lang.invoke.Invokers$Holder.invokeExact_MT(java.lang.Object, int, java.lang.Object)'> (0x00000006252fa928) 
thrown [s\open\src\hotspot\share\interpreter\linkResolver.cpp, line 773]
Event: 1.036 Thread 0x00000264463097d0 Exception <a 'java/lang/NoSuchMethodError'{0x0000000624ade428}: 'void java.lang.invoke.Invokers$Holder.invokeExact_MT(java.lang.Object, java.lang.Object, java.lang.Object, java.lang.Object)'> (0x0000000624ade428) 
thrown [s\open\src\hotspot\share\interpreter\linkResolver.cpp, line 773]
Event: 1.048 Thread 0x00000264463097d0 Exception <a 'java/lang/NoClassDefFoundError'{0x0000000624b6bcd0}: com/google/inject/servlet/ServletModuleTargetVisitor> (0x0000000624b6bcd0) 
thrown [s\open\src\hotspot\share\classfile\systemDictionary.cpp, line 301]
Event: 1.095 Thread 0x00000264463097d0 Exception <a 'java/lang/NoSuchMethodError'{0x000000062452f810}: 'void java.lang.invoke.DirectMethodHandle$Holder.invokeVirtual(java.lang.Object, java.lang.Object)'> (0x000000062452f810) 
thrown [s\open\src\hotspot\share\interpreter\linkResolver.cpp, line 773]
Event: 1.127 Thread 0x00000264463097d0 Exception <a 'java/lang/NoSuchMethodError'{0x00000006245aefa8}: 'java.lang.Object java.lang.invoke.DirectMethodHandle$Holder.invokeStaticInit(java.lang.Object, int, int, int, int)'> (0x00000006245aefa8) 
thrown [s\open\src\hotspot\share\interpreter\linkResolver.cpp, line 773]
Event: 1.205 Thread 0x00000264463097d0 Implicit null exception at 0x00000264562b16a4 to 0x00000264562b1d3c
Event: 1.205 Thread 0x00000264463097d0 Implicit null exception at 0x00000264562ad1a0 to 0x00000264562ad83c
Event: 1.230 Thread 0x00000264463097d0 Exception <a 'java/lang/NoSuchMethodError'{0x000000062433a8b0}: 'void java.lang.invoke.DirectMethodHandle$Holder.invokeSpecial(java.lang.Object, java.lang.Object, java.lang.Object, java.lang.Object, java.lang.Object)'> (0x000000062433a8b0) 
thrown [s\open\src\hotspot\share\interpreter\linkResolver.cpp, line 773]
Event: 1.231 Thread 0x00000264463097d0 Exception <a 'java/lang/NoSuchMethodError'{0x0000000624350680}: 'void java.lang.invoke.DirectMethodHandle$Holder.invokeSpecial(java.lang.Object, java.lang.Object, java.lang.Object, java.lang.Object, java.lang.Object, java.lang.Object)'> (0x0000000624350680) 
thrown [s\open\src\hotspot\share\interpreter\linkResolver.cpp, line 773]
Event: 1.243 Thread 0x00000264463097d0 Exception <a 'java/lang/NoSuchMethodError'{0x000000062384b438}: 'java.lang.Object java.lang.invoke.DirectMethodHandle$Holder.invokeVirtual(java.lang.Object, java.lang.Object, java.lang.Object)'> (0x000000062384b438) 
thrown [s\open\src\hotspot\share\interpreter\linkResolver.cpp, line 773]
Event: 1.276 Thread 0x00000264463097d0 Exception <a 'java/lang/NoSuchMethodError'{0x00000006239bba40}: 'void java.lang.invoke.DirectMethodHandle$Holder.invokeVirtual(java.lang.Object, java.lang.Object, int)'> (0x00000006239bba40) 
thrown [s\open\src\hotspot\share\interpreter\linkResolver.cpp, line 773]
Event: 1.276 Thread 0x00000264463097d0 Exception <a 'java/lang/NoSuchMethodError'{0x00000006239bf7f0}: 'void java.lang.invoke.DirectMethodHandle$Holder.invokeSpecial(java.lang.Object, java.lang.Object, java.lang.Object, int)'> (0x00000006239bf7f0) 
thrown [s\open\src\hotspot\share\interpreter\linkResolver.cpp, line 773]
Event: 1.277 Thread 0x00000264463097d0 Exception <a 'java/lang/NoSuchMethodError'{0x00000006239c2ec0}: 'void java.lang.invoke.DelegatingMethodHandle$Holder.reinvoke_L(java.lang.Object, java.lang.Object, int)'> (0x00000006239c2ec0) 
thrown [s\open\src\hotspot\share\interpreter\linkResolver.cpp, line 773]

ZGC Phase Switch (0 events):
No events

VM Operations (20 events):
Event: 0.947 Executing VM operation: ICBufferFull done
Event: 0.960 Executing VM operation: HandshakeAllThreads (Deoptimize)
Event: 0.960 Executing VM operation: HandshakeAllThreads (Deoptimize) done
Event: 1.033 Executing VM operation: HandshakeAllThreads (Deoptimize)
Event: 1.033 Executing VM operation: HandshakeAllThreads (Deoptimize) done
Event: 1.102 Executing VM operation: HandshakeAllThreads (Deoptimize)
Event: 1.102 Executing VM operation: HandshakeAllThreads (Deoptimize) done
Event: 1.137 Executing VM operation: HandshakeAllThreads (Deoptimize)
Event: 1.137 Executing VM operation: HandshakeAllThreads (Deoptimize) done
Event: 1.149 Executing VM operation: ICBufferFull
Event: 1.149 Executing VM operation: ICBufferFull done
Event: 1.158 Executing VM operation: HandshakeAllThreads (Deoptimize)
Event: 1.158 Executing VM operation: HandshakeAllThreads (Deoptimize) done
Event: 1.185 Executing VM operation: HandshakeAllThreads (Deoptimize)
Event: 1.185 Executing VM operation: HandshakeAllThreads (Deoptimize) done
Event: 1.365 Executing VM operation: ICBufferFull
Event: 1.365 Executing VM operation: ICBufferFull done
Event: 1.658 Executing VM operation: ICBufferFull
Event: 1.658 Executing VM operation: ICBufferFull done
Event: 1.726 Executing VM operation: G1CollectForAllocation (G1 Evacuation Pause)

Events (16 events):
Event: 0.017 Thread 0x00000264463097d0 Thread added: 0x00000264463097d0
Event: 0.027 Thread 0x0000026469f28d30 Thread added: 0x0000026469f28d30
Event: 0.027 Thread 0x0000026469f29c50 Thread added: 0x0000026469f29c50
Event: 0.027 Thread 0x0000026469f2dfd0 Thread added: 0x0000026469f2dfd0
Event: 0.027 Thread 0x0000026469f2eb60 Thread added: 0x0000026469f2eb60
Event: 0.027 Thread 0x0000026469f30fd0 Thread added: 0x0000026469f30fd0
Event: 0.027 Thread 0x0000026469f31b60 Thread added: 0x0000026469f31b60
Event: 0.027 Thread 0x0000026469f35790 Thread added: 0x0000026469f35790
Event: 0.027 Thread 0x0000026469f369d0 Thread added: 0x0000026469f369d0
Event: 0.037 Thread 0x000002646a5f4cf0 Thread added: 0x000002646a5f4cf0
Event: 0.038 Thread 0x000002646a616500 Thread added: 0x000002646a616500
Event: 0.132 Thread 0x000002646a651cb0 Thread added: 0x000002646a651cb0
Event: 0.137 Thread 0x000002646a651cb0 Thread exited: 0x000002646a651cb0
Event: 0.232 Thread 0x000002646f1f8080 Thread added: 0x000002646f1f8080
Event: 0.444 Thread 0x000002646f901cb0 Thread added: 0x000002646f901cb0
Event: 1.167 Thread 0x000002647001e6c0 Thread added: 0x000002647001e6c0


Dynamic libraries:
0x00007ff60e580000 - 0x00007ff60e590000 	C:\Program Files\Java\jdk-21\bin\java.exe
0x00007ffd8b290000 - 0x00007ffd8b4a7000 	C:\WINDOWS\SYSTEM32\ntdll.dll
0x00007ffd8ad10000 - 0x00007ffd8add4000 	C:\WINDOWS\System32\KERNEL32.DLL
0x00007ffd88430000 - 0x00007ffd88803000 	C:\WINDOWS\System32\KERNELBASE.dll
0x00007ffd88ac0000 - 0x00007ffd88bd1000 	C:\WINDOWS\System32\ucrtbase.dll
0x00007ffd457c0000 - 0x00007ffd457d9000 	C:\Program Files\Java\jdk-21\bin\jli.dll
0x00007ffd8b100000 - 0x00007ffd8b1b1000 	C:\WINDOWS\System32\ADVAPI32.dll
0x00007ffd49be0000 - 0x00007ffd49bfb000 	C:\Program Files\Java\jdk-21\bin\VCRUNTIME140.dll
0x00007ffd89b60000 - 0x00007ffd89c07000 	C:\WINDOWS\System32\msvcrt.dll
0x00007ffd8abf0000 - 0x00007ffd8ac97000 	C:\WINDOWS\System32\sechost.dll
0x00007ffd88380000 - 0x00007ffd883a8000 	C:\WINDOWS\System32\bcrypt.dll
0x00007ffd898b0000 - 0x00007ffd899c4000 	C:\WINDOWS\System32\RPCRT4.dll
0x00007ffd8ae10000 - 0x00007ffd8afc1000 	C:\WINDOWS\System32\USER32.dll
0x00007ffd88dc0000 - 0x00007ffd88de6000 	C:\WINDOWS\System32\win32u.dll
0x00007ffd8ade0000 - 0x00007ffd8ae09000 	C:\WINDOWS\System32\GDI32.dll
0x00007ffd87710000 - 0x00007ffd879ab000 	C:\WINDOWS\WinSxS\amd64_microsoft.windows.common-controls_6595b64144ccf1df_6.0.22621.5262_none_2712bde373830908\COMCTL32.dll
0x00007ffd88df0000 - 0x00007ffd88f12000 	C:\WINDOWS\System32\gdi32full.dll
0x00007ffd88d20000 - 0x00007ffd88dba000 	C:\WINDOWS\System32\msvcp_win.dll
0x00007ffd86c20000 - 0x00007ffd86c2a000 	C:\WINDOWS\SYSTEM32\VERSION.dll
0x00007ffd89800000 - 0x00007ffd89831000 	C:\WINDOWS\System32\IMM32.DLL
0x00007ffd55b20000 - 0x00007ffd55b2c000 	C:\Program Files\Java\jdk-21\bin\vcruntime140_1.dll
0x00007ffd0b140000 - 0x00007ffd0b1ce000 	C:\Program Files\Java\jdk-21\bin\msvcp140.dll
0x00007ffcf1380000 - 0x00007ffcf209d000 	C:\Program Files\Java\jdk-21\bin\server\jvm.dll
0x00007ffd899d0000 - 0x00007ffd89a41000 	C:\WINDOWS\System32\WS2_32.dll
0x00007ffd87ff0000 - 0x00007ffd8803d000 	C:\WINDOWS\SYSTEM32\POWRPROF.dll
0x00007ffd7fde0000 - 0x00007ffd7fe14000 	C:\WINDOWS\SYSTEM32\WINMM.dll
0x00007ffd87c30000 - 0x00007ffd87c43000 	C:\WINDOWS\SYSTEM32\UMPDC.dll
0x00007ffd86440000 - 0x00007ffd86458000 	C:\WINDOWS\SYSTEM32\kernel.appcore.dll
0x00007ffd55880000 - 0x00007ffd5588a000 	C:\Program Files\Java\jdk-21\bin\jimage.dll
0x00007ffd87c90000 - 0x00007ffd87ec2000 	C:\WINDOWS\SYSTEM32\DBGHELP.DLL
0x00007ffd89300000 - 0x00007ffd89693000 	C:\WINDOWS\System32\combase.dll
0x00007ffd891a0000 - 0x00007ffd89277000 	C:\WINDOWS\System32\OLEAUT32.dll
0x00007ffd87b60000 - 0x00007ffd87b92000 	C:\WINDOWS\SYSTEM32\dbgcore.DLL
0x00007ffd88be0000 - 0x00007ffd88c5b000 	C:\WINDOWS\System32\bcryptPrimitives.dll
0x00007ffd457a0000 - 0x00007ffd457bf000 	C:\Program Files\Java\jdk-21\bin\java.dll
0x00007ffd8a330000 - 0x00007ffd8abcd000 	C:\WINDOWS\System32\SHELL32.dll
0x00007ffd88810000 - 0x00007ffd8894f000 	C:\WINDOWS\System32\wintypes.dll
0x00007ffd85340000 - 0x00007ffd85c5d000 	C:\WINDOWS\SYSTEM32\windows.storage.dll
0x00007ffd8aff0000 - 0x00007ffd8b0fb000 	C:\WINDOWS\System32\SHCORE.dll
0x00007ffd8aca0000 - 0x00007ffd8ad06000 	C:\WINDOWS\System32\shlwapi.dll
0x00007ffd882b0000 - 0x00007ffd882db000 	C:\WINDOWS\SYSTEM32\profapi.dll
0x00007ffcfe750000 - 0x00007ffcfe827000 	C:\Program Files\Java\jdk-21\bin\jsvml.dll
0x00007ffd54e20000 - 0x00007ffd54e30000 	C:\Program Files\Java\jdk-21\bin\net.dll
0x00007ffd83070000 - 0x00007ffd8319c000 	C:\WINDOWS\SYSTEM32\WINHTTP.dll
0x00007ffd86820000 - 0x00007ffd8688a000 	C:\WINDOWS\system32\mswsock.dll
0x00007ffd418a0000 - 0x00007ffd418b6000 	C:\Program Files\Java\jdk-21\bin\nio.dll
0x00007ffd41490000 - 0x00007ffd414a8000 	C:\Program Files\Java\jdk-21\bin\zip.dll
0x00007ffd56870000 - 0x00007ffd56894000 	C:\Program Files\apache-maven-3.9.11\lib\jansi-native\Windows\x86_64\jansi.dll
0x00007ffd49bd0000 - 0x00007ffd49be0000 	C:\Program Files\Java\jdk-21\bin\verify.dll

dbghelp: loaded successfully - version: 4.0.5 - missing functions: none
symbol engine: initialized successfully - sym options: 0x614 - pdb path: .;C:\Program Files\Java\jdk-21\bin;C:\WINDOWS\SYSTEM32;C:\WINDOWS\WinSxS\amd64_microsoft.windows.common-controls_6595b64144ccf1df_6.0.22621.5262_none_2712bde373830908;C:\Program Files\Java\jdk-21\bin\server;C:\Program Files\apache-maven-3.9.11\lib\jansi-native\Windows\x86_64

VM Arguments:
jvm_args: --enable-native-access=ALL-UNNAMED -Dclassworlds.conf=C:\Program Files\apache-maven-3.9.11\bin\m2.conf -Dmaven.home=C:\Program Files\apache-maven-3.9.11 -Dlibrary.jansi.path=C:\Program Files\apache-maven-3.9.11\lib\jansi-native -Dmaven.multiModuleProjectDirectory=C:\Users\User1\Downloads\dftp\Central-Event-Publisher-central 
java_command: org.codehaus.plexus.classworlds.launcher.Launcher clean install
java_class_path (initial): C:\Program Files\apache-maven-3.9.11\boot\plexus-classworlds-2.9.0.jar
Launcher Type: SUN_STANDARD

[Global flags]
     intx CICompilerCount                          = 4                                         {product} {ergonomic}
     uint ConcGCThreads                            = 2                                         {product} {ergonomic}
     uint G1ConcRefinementThreads                  = 8                                         {product} {ergonomic}
   size_t G1HeapRegionSize                         = 4194304                                   {product} {ergonomic}
    uintx GCDrainStackTargetSize                   = 64                                        {product} {ergonomic}
   size_t InitialHeapSize                          = 532676608                                 {product} {ergonomic}
   size_t MarkStackSize                            = 4194304                                   {product} {ergonomic}
   size_t MaxHeapSize                              = 8489271296                                {product} {ergonomic}
   size_t MaxNewSize                               = 5091885056                                {product} {ergonomic}
   size_t MinHeapDeltaBytes                        = 4194304                                   {product} {ergonomic}
   size_t MinHeapSize                              = 8388608                                   {product} {ergonomic}
    uintx NonNMethodCodeHeapSize                   = 5839372                                {pd product} {ergonomic}
    uintx NonProfiledCodeHeapSize                  = 122909434                              {pd product} {ergonomic}
    uintx ProfiledCodeHeapSize                     = 122909434                              {pd product} {ergonomic}
    uintx ReservedCodeCacheSize                    = 251658240                              {pd product} {ergonomic}
     bool SegmentedCodeCache                       = true                                      {product} {ergonomic}
   size_t SoftMaxHeapSize                          = 8489271296                             {manageable} {ergonomic}
     bool UseCompressedOops                        = true                           {product lp64_product} {ergonomic}
     bool UseG1GC                                  = true                                      {product} {ergonomic}
     bool UseLargePagesIndividualAllocation        = false                                  {pd product} {ergonomic}

Logging:
Log output configuration:
 #0: stdout all=warning uptime,level,tags foldmultilines=false
 #1: stderr all=off uptime,level,tags foldmultilines=false

Environment Variables:
PATH=C:\Program Files\Common Files\Oracle\Java\javapath;C:\WINDOWS\system32;C:\WINDOWS;C:\WINDOWS\System32\Wbem;C:\WINDOWS\System32\WindowsPowerShell\v1.0\;C:\WINDOWS\System32\OpenSSH\;C:\Program Files\Docker\Docker\resources\bin;C:\Program Files\nodejs\;C:\Program Files\Git\cmd;C:\Program Files\apache-maven-3.9.11\bin;C:\Users\User1\AppData\Local\Programs\Python\Launcher\;C:\Users\User1\AppData\Local\Microsoft\WindowsApps;C:\Users\User1\AppData\Local\Programs\Microsoft VS Code\bin;C:\Program Files\JetBrains\IntelliJ IDEA 2025.2.4\bin;C:\Users\User1\AppData\Roaming\npm
USERNAME=User1
OS=Windows_NT
PROCESSOR_IDENTIFIER=Intel64 Family 6 Model 142 Stepping 12, GenuineIntel
TMP=C:\Users\User1\AppData\Local\Temp
TEMP=C:\Users\User1\AppData\Local\Temp




Periodic native trim disabled

---------------  S Y S T E M  ---------------

OS:
 Windows 11 , 64 bit Build 22621 (10.0.22621.5262)
OS uptime: 0 days 23:50 hours
Hyper-V role detected

CPU: total 8 (initial active 8) (4 cores per cpu, 2 threads per core) family 6 model 142 stepping 12 microcode 0xf8, cx8, cmov, fxsr, ht, mmx, 3dnowpref, sse, sse2, sse3, ssse3, sse4.1, sse4.2, popcnt, lzcnt, tsc, tscinvbit, avx, avx2, aes, erms, clmul, bmi1, bmi2, adx, fma, vzeroupper, clflush, clflushopt, hv, rdtscp, f16c
Processor Information for all 8 processors :
  Max Mhz: 2304, Current Mhz: 1803, Mhz Limit: 1797

Memory: 4k page, system-wide physical 32368M (16645M free)
TotalPageFile size 37232M (AvailPageFile size 18619M)
current process WorkingSet (physical memory assigned to process): 171M, peak: 175M
current process commit charge ("private bytes"): 644M, peak: 647M

vm_info: Java HotSpot(TM) 64-Bit Server VM (21.0.9+7-LTS-338) for windows-amd64 JRE (21.0.9+7-LTS-338), built on 2025-09-26T06:33:49Z by "mach5run" with MS VC++ 17.6 (VS2022)

END.
